\BOOKMARK [0][-]{chapter.1}{Introduction}{}% 1
\BOOKMARK [0][-]{chapter.2}{Related Work}{}% 2
\BOOKMARK [1][-]{section.2.1}{Motivations}{chapter.2}% 3
\BOOKMARK [1][-]{section.2.2}{Crowd-sourcing Data}{chapter.2}% 4
\BOOKMARK [1][-]{section.2.3}{Indoor Positioning Systems \(IPS\)}{chapter.2}% 5
\BOOKMARK [2][-]{subsection.2.3.1}{Early Techniques}{section.2.3}% 6
\BOOKMARK [2][-]{subsection.2.3.2}{Adaptive Indoor Positioning Systems}{section.2.3}% 7
\BOOKMARK [1][-]{section.2.4}{Automated Floor Plans}{chapter.2}% 8
\BOOKMARK [1][-]{section.2.5}{Summary}{chapter.2}% 9
\BOOKMARK [0][-]{chapter.3}{Problem Analysis}{}% 10
\BOOKMARK [0][-]{chapter.4}{Method}{}% 11
\BOOKMARK [1][-]{section.4.1}{System Specification}{chapter.4}% 12
\BOOKMARK [1][-]{section.4.2}{Data Preparation}{chapter.4}% 13
\BOOKMARK [1][-]{section.4.3}{Hierarchical Clustering}{chapter.4}% 14
\BOOKMARK [1][-]{section.4.4}{Model Creation}{chapter.4}% 15
\BOOKMARK [2][-]{subsection.4.4.1}{Off-line Learning}{section.4.4}% 16
\BOOKMARK [2][-]{subsection.4.4.2}{On-line Localisation}{section.4.4}% 17
\BOOKMARK [1][-]{section.4.5}{Summary}{chapter.4}% 18
\BOOKMARK [0][-]{chapter.5}{Evaluation}{}% 19
\BOOKMARK [1][-]{section.5.1}{Relative Gain Estimation}{chapter.5}% 20
\BOOKMARK [2][-]{subsection.5.1.1}{Proximity Determination}{section.5.1}% 21
\BOOKMARK [2][-]{subsection.5.1.2}{Gain Estimation}{section.5.1}% 22
\BOOKMARK [1][-]{section.5.2}{Modelling Accuracy}{chapter.5}% 23
\BOOKMARK [2][-]{subsection.5.2.1}{Component Effectiveness}{section.5.2}% 24
\BOOKMARK [2][-]{subsection.5.2.2}{Restricted Modelling Performance}{section.5.2}% 25
\BOOKMARK [0][-]{chapter.6}{Conclusion}{}% 26
